<?xml version="1.0" encoding="UTF-8"?>
<!-- Generated by org.testng.reporters.JUnitReportReporter -->
<testsuite skipped="0" hostname="DESKTOP-JGO97D8" name="com.rest.restfulbooker.Booking_Id_Get" tests="4" failures="0" timestamp="14 Sep 2022 06:13:17 GMT" time="13.660" errors="0">
  <testcase name="getbookingId_3" time="1.368" classname="com.rest.restfulbooker.Booking_Id_Get"/>
  <testcase name="getbookingId_2" time="1.233" classname="com.rest.restfulbooker.Booking_Id_Get"/>
  <testcase name="getbookingId" time="9.915" classname="com.rest.restfulbooker.Booking_Id_Get"/>
  <testcase name="getbookingId_Map" time="1.144" classname="com.rest.restfulbooker.Booking_Id_Get"/>
</testsuite> <!-- com.rest.restfulbooker.Booking_Id_Get -->
