<?xml version="1.0" encoding="UTF-8"?>
<!-- Generated by org.testng.reporters.JUnitReportReporter -->
<testsuite skipped="2" hostname="DESKTOP-JGO97D8" name="GET_1.TC1_Get" tests="3" failures="0" timestamp="28 Mar 2020 18:30:43 GMT" time="7.020" errors="0">
  <testcase name="test2" time="7.020" classname="GET_1.TC1_Get"/>
  <testcase name="testlogall" classname="GET_1.TC1_Get">
    <skipped/>
  </testcase> <!-- testlogall -->
  <testcase name="test1" classname="GET_1.TC1_Get">
    <skipped/>
  </testcase> <!-- test1 -->
</testsuite> <!-- GET_1.TC1_Get -->
