<?xml version="1.0" encoding="UTF-8"?>
<!-- Generated by org.testng.reporters.JUnitReportReporter -->
<testsuite skipped="0" hostname="DESKTOP-JGO97D8" name="com.rest.jsonexamples.SharingdatausingISuite_createBooking" tests="1" failures="0" timestamp="23 Aug 2022 12:58:53 GMT" time="9.378" errors="0">
  <testcase name="createBooking" time="9.378" classname="com.rest.jsonexamples.SharingdatausingISuite_createBooking"/>
</testsuite> <!-- com.rest.jsonexamples.SharingdatausingISuite_createBooking -->
