<?xml version="1.0" encoding="UTF-8"?>
<!-- Generated by org.testng.reporters.JUnitReportReporter -->
<testsuite skipped="0" hostname="DESKTOP-JGO97D8" name="com.rest.restfulbooker.Booking" tests="2" failures="0" timestamp="15 Jul 2022 17:31:30 GMT" time="9.005" errors="0">
  <testcase name="bookingadvanced" time="7.266" classname="com.rest.restfulbooker.Booking"/>
  <testcase name="bookingstepbystep" time="1.739" classname="com.rest.restfulbooker.Booking"/>
</testsuite> <!-- com.rest.restfulbooker.Booking -->
