<?xml version="1.0" encoding="UTF-8"?>
<!-- Generated by org.testng.reporters.JUnitReportReporter -->
<testsuite skipped="0" hostname="DESKTOP-JGO97D8" name="com.rest.restfulbooker.jsonpath" tests="1" failures="0" timestamp="14 Sep 2022 09:20:32 GMT" time="2.901" errors="0">
  <testcase name="simplejsonTest" time="2.901" classname="com.rest.restfulbooker.jsonpath"/>
</testsuite> <!-- com.rest.restfulbooker.jsonpath -->
