<?xml version="1.0" encoding="UTF-8"?>
<!-- Generated by org.testng.reporters.JUnitReportReporter -->
<testsuite skipped="1" hostname="DESKTOP-JGO97D8" name="com.rest.jsonexamples.HandlingDynamicresponses" tests="2" failures="0" timestamp="23 Aug 2022 07:02:01 GMT" time="7.243" errors="0">
  <testcase name="handilingdynamicrespinse" time="7.243" classname="com.rest.jsonexamples.HandlingDynamicresponses"/>
  <testcase name="handilingerror" classname="com.rest.jsonexamples.HandlingDynamicresponses">
    <skipped/>
  </testcase> <!-- handilingerror -->
</testsuite> <!-- com.rest.jsonexamples.HandlingDynamicresponses -->
