<?xml version="1.0" encoding="UTF-8"?>
<!-- Generated by org.testng.reporters.JUnitReportReporter -->
<testsuite skipped="0" hostname="DESKTOP-JGO97D8" name="com.rest.jsonexamples.sharinDataebtween2APISusingMap" tests="2" failures="0" timestamp="11 Aug 2022 08:45:51 GMT" time="11.819" errors="0">
  <testcase name="createbookingdetails" time="10.301" classname="com.rest.jsonexamples.sharinDataebtween2APISusingMap"/>
  <testcase name="retrivebookingdetails" time="1.518" classname="com.rest.jsonexamples.sharinDataebtween2APISusingMap"/>
</testsuite> <!-- com.rest.jsonexamples.sharinDataebtween2APISusingMap -->
