<?xml version="1.0" encoding="UTF-8"?>
<!-- Generated by org.testng.reporters.JUnitReportReporter -->
<testsuite skipped="0" hostname="DESKTOP-JGO97D8" name="com.rest.jsonexamples.TestModuleParallelasMap_2" tests="2" failures="0" timestamp="23 Aug 2022 08:11:46 GMT" time="12.949" errors="0">
  <testcase name="createbookingdetails" time="11.559" classname="com.rest.jsonexamples.TestModuleParallelasMap_2"/>
  <testcase name="retrivebookingdetails" time="1.390" classname="com.rest.jsonexamples.TestModuleParallelasMap_2"/>
</testsuite> <!-- com.rest.jsonexamples.TestModuleParallelasMap_2 -->
