<?xml version="1.0" encoding="UTF-8"?>
<!-- Generated by org.testng.reporters.JUnitReportReporter -->
<testsuite skipped="0" hostname="DESKTOP-JGO97D8" name="com.rest.jsonexamples.sharinDataebtween2APISbtweenmethods" tests="2" failures="0" timestamp="11 Aug 2022 07:15:25 GMT" time="12.563" errors="0">
  <testcase name="createbookingdetails" time="10.973" classname="com.rest.jsonexamples.sharinDataebtween2APISbtweenmethods"/>
  <testcase name="retrivebookingdetails" time="1.590" classname="com.rest.jsonexamples.sharinDataebtween2APISbtweenmethods"/>
</testsuite> <!-- com.rest.jsonexamples.sharinDataebtween2APISbtweenmethods -->
