<?xml version="1.0" encoding="UTF-8"?>
<!-- Generated by org.testng.reporters.JUnitReportReporter -->
<testsuite skipped="0" hostname="DESKTOP-JGO97D8" name="com.rest.jsonexamples.sharinDataebtween2APISbtweendiffclassed" tests="2" failures="0" timestamp="11 Aug 2022 08:40:59 GMT" time="8.324" errors="0">
  <testcase name="createbookingdetails" time="7.065" classname="com.rest.jsonexamples.sharinDataebtween2APISbtweendiffclassed"/>
  <testcase name="retrivebookingdetails" time="1.259" classname="com.rest.jsonexamples.sharinDataebtween2APISbtweendiffclassed"/>
</testsuite> <!-- com.rest.jsonexamples.sharinDataebtween2APISbtweendiffclassed -->
