<?xml version="1.0" encoding="UTF-8"?>
<!-- Generated by org.testng.reporters.JUnitReportReporter -->
<testsuite skipped="0" hostname="DESKTOP-JGO97D8" name="com.rest.threads.ThreadLocalTestModuleParallelasMap_2" tests="2" failures="0" timestamp="23 Aug 2022 10:57:31 GMT" time="9.061" errors="0">
  <testcase name="createbookingdetails" time="7.664" classname="com.rest.threads.ThreadLocalTestModuleParallelasMap_2"/>
  <testcase name="retrivebookingdetails" time="1.397" classname="com.rest.threads.ThreadLocalTestModuleParallelasMap_2"/>
</testsuite> <!-- com.rest.threads.ThreadLocalTestModuleParallelasMap_2 -->
