<?xml version="1.0" encoding="UTF-8"?>
<!-- Generated by org.testng.reporters.JUnitReportReporter -->
<testsuite skipped="0" hostname="DESKTOP-JGO97D8" name="com.rest.restfulbooker.Booking_extractbodyasString" tests="2" failures="0" timestamp="14 Sep 2022 06:26:50 GMT" time="9.448" errors="0">
  <testcase name="getbookingId" time="8.119" classname="com.rest.restfulbooker.Booking_extractbodyasString"/>
  <testcase name="getbookingIdasprettystring" time="1.329" classname="com.rest.restfulbooker.Booking_extractbodyasString"/>
</testsuite> <!-- com.rest.restfulbooker.Booking_extractbodyasString -->
