<?xml version="1.0" encoding="UTF-8"?>
<!-- Generated by org.testng.reporters.JUnitReportReporter -->
<testsuite skipped="0" hostname="DESKTOP-JGO97D8" name="com.rest.restfulbooker.Booking_Id_Patch" tests="1" failures="0" timestamp="26 Jul 2022 13:05:58 GMT" time="8.661" errors="0">
  <testcase name="Bookingpatch" time="8.661" classname="com.rest.restfulbooker.Booking_Id_Patch"/>
</testsuite> <!-- com.rest.restfulbooker.Booking_Id_Patch -->
