<?xml version="1.0" encoding="UTF-8"?>
<!-- Generated by org.testng.reporters.JUnitReportReporter -->
<testsuite skipped="0" hostname="DESKTOP-JGO97D8" name="com.rest.jsonexamples.TestModuleParallelasMap_1" tests="2" failures="0" timestamp="23 Aug 2022 08:11:46 GMT" time="13.065" errors="0">
  <testcase name="createbookingdetails" time="11.542" classname="com.rest.jsonexamples.TestModuleParallelasMap_1"/>
  <testcase name="retrivebookingdetails" time="1.523" classname="com.rest.jsonexamples.TestModuleParallelasMap_1"/>
</testsuite> <!-- com.rest.jsonexamples.TestModuleParallelasMap_1 -->
