<?xml version="1.0" encoding="UTF-8"?>
<!-- Generated by org.testng.reporters.JUnitReportReporter -->
<testsuite skipped="1" hostname="DESKTOP-JGO97D8" name="GET_1.POST" tests="2" failures="0" timestamp="28 Mar 2020 18:52:10 GMT" time="3.692" errors="0">
  <testcase name="post_approach2" time="3.692" classname="GET_1.POST"/>
  <testcase name="post_Approach1" classname="GET_1.POST">
    <skipped/>
  </testcase> <!-- post_Approach1 -->
</testsuite> <!-- GET_1.POST -->
