<?xml version="1.0" encoding="UTF-8"?>
<!-- Generated by org.testng.reporters.JUnitReportReporter -->
<testsuite skipped="0" hostname="DESKTOP-JGO97D8" name="com.rest.threads.ThreadLocalTestModuleParallelasMap_1" tests="2" failures="0" timestamp="23 Aug 2022 10:57:31 GMT" time="8.919" errors="0">
  <testcase name="createbookingdetails" time="7.696" classname="com.rest.threads.ThreadLocalTestModuleParallelasMap_1"/>
  <testcase name="retrivebookingdetails" time="1.223" classname="com.rest.threads.ThreadLocalTestModuleParallelasMap_1"/>
</testsuite> <!-- com.rest.threads.ThreadLocalTestModuleParallelasMap_1 -->
