<?xml version="1.0" encoding="UTF-8"?>
<!-- Generated by org.testng.reporters.JUnitReportReporter -->
<testsuite skipped="0" hostname="DESKTOP-JGO97D8" name="com.rest.jsonexamples.SharingdatausingISuite_GetBookng" tests="1" failures="0" timestamp="23 Aug 2022 12:58:53 GMT" time="1.209" errors="0">
  <testcase name="createBooking" time="1.209" classname="com.rest.jsonexamples.SharingdatausingISuite_GetBookng"/>
</testsuite> <!-- com.rest.jsonexamples.SharingdatausingISuite_GetBookng -->
