<?xml version="1.0" encoding="UTF-8"?>
<!-- Generated by org.testng.reporters.JUnitReportReporter -->
<testsuite skipped="4" hostname="DESKTOP-JGO97D8" name="GET_1.Fakeapis" tests="5" failures="0" timestamp="28 Mar 2020 19:51:19 GMT" time="4.800" errors="0">
  <testcase name="fake_delete" time="4.800" classname="GET_1.Fakeapis"/>
  <testcase name="fake2_PATCH" classname="GET_1.Fakeapis">
    <skipped/>
  </testcase> <!-- fake2_PATCH -->
  <testcase name="fake2_Put" classname="GET_1.Fakeapis">
    <skipped/>
  </testcase> <!-- fake2_Put -->
  <testcase name="fake1_Get" classname="GET_1.Fakeapis">
    <skipped/>
  </testcase> <!-- fake1_Get -->
  <testcase name="fake2_Post" classname="GET_1.Fakeapis">
    <skipped/>
  </testcase> <!-- fake2_Post -->
</testsuite> <!-- GET_1.Fakeapis -->
