<?xml version="1.0" encoding="UTF-8"?>
<!-- Generated by org.testng.reporters.JUnitReportReporter -->
<testsuite skipped="0" hostname="DESKTOP-JGO97D8" name="com.rest.jsonexamples.sharinDataebtween2APIS" tests="1" failures="0" timestamp="11 Aug 2022 06:56:32 GMT" time="10.148" errors="0">
  <testcase name="createandretrivebookingdetails" time="10.148" classname="com.rest.jsonexamples.sharinDataebtween2APIS"/>
</testsuite> <!-- com.rest.jsonexamples.sharinDataebtween2APIS -->
