<?xml version="1.0" encoding="UTF-8"?>
<!-- Generated by org.testng.reporters.JUnitReportReporter -->
<testsuite skipped="0" hostname="DESKTOP-JGO97D8" name="com.rest.restfulbooker.Booking_Id_Put" tests="1" failures="0" timestamp="26 Jul 2022 12:50:10 GMT" time="5.856" errors="0">
  <testcase name="Bookingput" time="5.856" classname="com.rest.restfulbooker.Booking_Id_Put"/>
</testsuite> <!-- com.rest.restfulbooker.Booking_Id_Put -->
