<?xml version="1.0" encoding="UTF-8"?>
<!-- Generated by org.testng.reporters.JUnitReportReporter -->
<testsuite skipped="4" hostname="DESKTOP-JGO97D8" name="com.rest.restfulbooker.jsonpathnested" tests="5" failures="0" timestamp="04 Aug 2022 14:57:31 GMT" time="3.620" errors="0">
  <testcase name="nestedjosnarrays" time="3.620" classname="com.rest.restfulbooker.jsonpathnested"/>
  <testcase name="nestedjson1" classname="com.rest.restfulbooker.jsonpathnested">
    <skipped/>
  </testcase> <!-- nestedjson1 -->
  <testcase name="nestedjsonexample4" classname="com.rest.restfulbooker.jsonpathnested">
    <skipped/>
  </testcase> <!-- nestedjsonexample4 -->
  <testcase name="nestedjsonexample2" classname="com.rest.restfulbooker.jsonpathnested">
    <skipped/>
  </testcase> <!-- nestedjsonexample2 -->
  <testcase name="nestedjsonexample3" classname="com.rest.restfulbooker.jsonpathnested">
    <skipped/>
  </testcase> <!-- nestedjsonexample3 -->
</testsuite> <!-- com.rest.restfulbooker.jsonpathnested -->
